# JRE version: OpenJDK Runtime Environment (8.0_322-b06) (build 1.8.0_322-b06)
# Java VM: OpenJDK 64-Bit Server VM (25.322-b06 mixed mode bsd-amd64 compressed oops)
Heap:
 PSYoungGen      total 522240K, used 404049K [0x000000076ab00000, 0x0000000790300000, 0x00000007c0000000)
  eden space 445440K, 90% used [0x000000076ab00000,0x0000000783594550,0x0000000785e00000)
  from space 76800K, 0% used [0x000000078b800000,0x000000078b800000,0x0000000790300000)
  to   space 84480K, 0% used [0x0000000785e00000,0x0000000785e00000,0x000000078b080000)
 ParOldGen       total 437248K, used 150041K [0x00000006c0000000, 0x00000006dab00000, 0x000000076ab00000)
  object space 437248K, 34% used [0x00000006c0000000,0x00000006c9286650,0x00000006dab00000)
 Metaspace       used 111945K, capacity 113184K, committed 113536K, reserved 1146880K
  class space    used 16013K, capacity 16466K, committed 16512K, reserved 1048576K
GC Heap History (10 events):
Event: 12.767 GC heap before
{Heap before GC invocations=8 (full 2):
 PSYoungGen      total 272896K, used 242680K [0x000000076ab00000, 0x0000000782c80000, 0x00000007c0000000)
  eden space 262144K, 92% used [0x000000076ab00000,0x00000007797fe020,0x000000077ab00000)
  from space 10752K, 0% used [0x000000077ab00000,0x000000077ab00000,0x000000077b580000)
  to   space 28160K, 0% used [0x0000000781100000,0x0000000781100000,0x0000000782c80000)
 ParOldGen       total 184832K, used 43440K [0x00000006c0000000, 0x00000006cb480000, 0x000000076ab00000)
  object space 184832K, 23% used [0x00000006c0000000,0x00000006c2a6c018,0x00000006cb480000)
 Metaspace       used 57823K, capacity 59042K, committed 59160K, reserved 1099776K
  class space    used 8397K, capacity 8814K, committed 8832K, reserved 1048576K
Event: 12.786 GC heap after
Heap after GC invocations=8 (full 2):
 PSYoungGen      total 362496K, used 26954K [0x000000076ab00000, 0x0000000786d00000, 0x00000007c0000000)
  eden space 334336K, 0% used [0x000000076ab00000,0x000000076ab00000,0x000000077f180000)
  from space 28160K, 95% used [0x0000000781100000,0x0000000782b528d8,0x0000000782c80000)
  to   space 32256K, 0% used [0x000000077f180000,0x000000077f180000,0x0000000781100000)
 ParOldGen       total 184832K, used 43448K [0x00000006c0000000, 0x00000006cb480000, 0x000000076ab00000)
  object space 184832K, 23% used [0x00000006c0000000,0x00000006c2a6e018,0x00000006cb480000)
 Metaspace       used 57823K, capacity 59042K, committed 59160K, reserved 1099776K
  class space    used 8397K, capacity 8814K, committed 8832K, reserved 1048576K
}
Event: 12.786 GC heap before
{Heap before GC invocations=9 (full 3):
 PSYoungGen      total 362496K, used 26954K [0x000000076ab00000, 0x0000000786d00000, 0x00000007c0000000)
  eden space 334336K, 0% used [0x000000076ab00000,0x000000076ab00000,0x000000077f180000)
  from space 28160K, 95% used [0x0000000781100000,0x0000000782b528d8,0x0000000782c80000)
  to   space 32256K, 0% used [0x000000077f180000,0x000000077f180000,0x0000000781100000)
 ParOldGen       total 184832K, used 43448K [0x00000006c0000000, 0x00000006cb480000, 0x000000076ab00000)
  object space 184832K, 23% used [0x00000006c0000000,0x00000006c2a6e018,0x00000006cb480000)
 Metaspace       used 57823K, capacity 59042K, committed 59160K, reserved 1099776K
  class space    used 8397K, capacity 8814K, committed 8832K, reserved 1048576K
Event: 12.934 GC heap after
Heap after GC invocations=9 (full 3):
 PSYoungGen      total 362496K, used 0K [0x000000076ab00000, 0x0000000786d00000, 0x00000007c0000000)
  eden space 334336K, 0% used [0x000000076ab00000,0x000000076ab00000,0x000000077f180000)
  from space 28160K, 0% used [0x0000000781100000,0x0000000781100000,0x0000000782c80000)
  to   space 32256K, 0% used [0x000000077f180000,0x000000077f180000,0x0000000781100000)
 ParOldGen       total 245248K, used 59344K [0x00000006c0000000, 0x00000006cef80000, 0x000000076ab00000)
  object space 245248K, 24% used [0x00000006c0000000,0x00000006c39f43a8,0x00000006cef80000)
 Metaspace       used 57823K, capacity 59042K, committed 59160K, reserved 1099776K
  class space    used 8397K, capacity 8814K, committed 8832K, reserved 1048576K
}
Event: 21.018 GC heap before
{Heap before GC invocations=10 (full 3):
 PSYoungGen      total 362496K, used 334336K [0x000000076ab00000, 0x0000000786d00000, 0x00000007c0000000)
  eden space 334336K, 100% used [0x000000076ab00000,0x000000077f180000,0x000000077f180000)
  from space 28160K, 0% used [0x0000000781100000,0x0000000781100000,0x0000000782c80000)
  to   space 32256K, 0% used [0x000000077f180000,0x000000077f180000,0x0000000781100000)
 ParOldGen       total 245248K, used 59344K [0x00000006c0000000, 0x00000006cef80000, 0x000000076ab00000)
  object space 245248K, 24% used [0x00000006c0000000,0x00000006c39f43a8,0x00000006cef80000)
 Metaspace       used 86728K, capacity 87948K, committed 88192K, reserved 1124352K
  class space    used 12447K, capacity 12878K, committed 12928K, reserved 1048576K
Event: 21.090 GC heap after
Heap after GC invocations=10 (full 3):
 PSYoungGen      total 366592K, used 32232K [0x000000076ab00000, 0x0000000790500000, 0x00000007c0000000)
  eden space 334336K, 0% used [0x000000076ab00000,0x000000076ab00000,0x000000077f180000)
  from space 32256K, 99% used [0x000000077f180000,0x00000007810fa2e8,0x0000000781100000)
  to   space 78848K, 0% used [0x000000078b800000,0x000000078b800000,0x0000000790500000)
 ParOldGen       total 245248K, used 142488K [0x00000006c0000000, 0x00000006cef80000, 0x000000076ab00000)
  object space 245248K, 58% used [0x00000006c0000000,0x00000006c8b262b8,0x00000006cef80000)
 Metaspace       used 86728K, capacity 87948K, committed 88192K, reserved 1124352K
  class space    used 12447K, capacity 12878K, committed 12928K, reserved 1048576K
}
Event: 32.980 GC heap before
{Heap before GC invocations=11 (full 3):
 PSYoungGen      total 366592K, used 211640K [0x000000076ab00000, 0x0000000790500000, 0x00000007c0000000)
  eden space 334336K, 53% used [0x000000076ab00000,0x0000000775a33eb8,0x000000077f180000)
  from space 32256K, 99% used [0x000000077f180000,0x00000007810fa2e8,0x0000000781100000)
  to   space 78848K, 0% used [0x000000078b800000,0x000000078b800000,0x0000000790500000)
 ParOldGen       total 245248K, used 142488K [0x00000006c0000000, 0x00000006cef80000, 0x000000076ab00000)
  object space 245248K, 58% used [0x00000006c0000000,0x00000006c8b262b8,0x00000006cef80000)
 Metaspace       used 97145K, capacity 98316K, committed 98560K, reserved 1134592K
  class space    used 13863K, capacity 14286K, committed 14336K, reserved 1048576K
Event: 33.044 GC heap after
Heap after GC invocations=11 (full 3):
 PSYoungGen      total 522240K, used 57640K [0x000000076ab00000, 0x0000000790300000, 0x00000007c0000000)
  eden space 445440K, 0% used [0x000000076ab00000,0x000000076ab00000,0x0000000785e00000)
  from space 76800K, 75% used [0x000000078b800000,0x000000078f04a160,0x0000000790300000)
  to   space 84480K, 0% used [0x0000000785e00000,0x0000000785e00000,0x000000078b080000)
 ParOldGen       total 245248K, used 142496K [0x00000006c0000000, 0x00000006cef80000, 0x000000076ab00000)
  object space 245248K, 58% used [0x00000006c0000000,0x00000006c8b282b8,0x00000006cef80000)
 Metaspace       used 97145K, capacity 98316K, committed 98560K, reserved 1134592K
  class space    used 13863K, capacity 14286K, committed 14336K, reserved 1048576K
}
Event: 33.044 GC heap before
{Heap before GC invocations=12 (full 4):
 PSYoungGen      total 522240K, used 57640K [0x000000076ab00000, 0x0000000790300000, 0x00000007c0000000)
  eden space 445440K, 0% used [0x000000076ab00000,0x000000076ab00000,0x0000000785e00000)
  from space 76800K, 75% used [0x000000078b800000,0x000000078f04a160,0x0000000790300000)
  to   space 84480K, 0% used [0x0000000785e00000,0x0000000785e00000,0x000000078b080000)
 ParOldGen       total 245248K, used 142496K [0x00000006c0000000, 0x00000006cef80000, 0x000000076ab00000)
  object space 245248K, 58% used [0x00000006c0000000,0x00000006c8b282b8,0x00000006cef80000)
 Metaspace       used 97145K, capacity 98316K, committed 98560K, reserved 1134592K
  class space    used 13863K, capacity 14286K, committed 14336K, reserved 1048576K
Event: 33.308 GC heap after
Heap after GC invocations=12 (full 4):
 PSYoungGen      total 522240K, used 0K [0x000000076ab00000, 0x0000000790300000, 0x00000007c0000000)
  eden space 445440K, 0% used [0x000000076ab00000,0x000000076ab00000,0x0000000785e00000)
  from space 76800K, 0% used [0x000000078b800000,0x000000078b800000,0x0000000790300000)
  to   space 84480K, 0% used [0x0000000785e00000,0x0000000785e00000,0x000000078b080000)
 ParOldGen       total 437248K, used 150041K [0x00000006c0000000, 0x00000006dab00000, 0x000000076ab00000)
  object space 437248K, 34% used [0x00000006c0000000,0x00000006c9286650,0x00000006dab00000)
 Metaspace       used 97145K, capacity 98316K, committed 98560K, reserved 1134592K
  class space    used 13863K, capacity 14286K, committed 14336K, reserved 1048576K
}

